<?xml version="1.0" encoding="UTF-8"?>
<testsuites name="jest tests" tests="2" failures="0" errors="0" time="1.02">
  <testsuite name="undefined" errors="0" failures="0" skipped="0" timestamp="2024-04-09T09:25:35" time="0.868" tests="2">
    <testcase classname=" додавання 2 + 3 дорівнює 5" name=" додавання 2 + 3 дорівнює 5" time="0.004">
    </testcase>
    <testcase classname=" додавання -1 + 1 дорівнює 0" name=" додавання -1 + 1 дорівнює 0" time="0.002">
    </testcase>
  </testsuite>
</testsuites>